2026-02-07 09:56:22,674 [INFO] Starting B3 Training
2026-02-07 09:56:22,674 [INFO] Device: cuda
2026-02-07 09:57:41,111 [INFO] Starting B3 Training
2026-02-07 09:57:41,111 [INFO] Device: cuda
2026-02-07 09:57:41,181 [INFO] Train class distribution: Counter({3: 1, 6: 1, 2: 1, 7: 1})
2026-02-07 09:57:41,313 [INFO] Class weights: tensor([0.0000, 0.0000, 0.5000, 0.5000, 0.0000, 0.0000, 0.5000, 0.5000],
       device='cuda:0')
2026-02-07 09:59:43,750 [INFO] Starting B3 Training
2026-02-07 09:59:43,750 [INFO] Device: cuda
2026-02-07 09:59:43,819 [INFO] Train class distribution: Counter({3: 2, 6: 2, 2: 2, 7: 2})
2026-02-07 09:59:43,897 [INFO] Class weights: tensor([0.0000, 0.0000, 0.5000, 0.5000, 0.0000, 0.0000, 0.5000, 0.5000],
       device='cuda:0')
2026-02-07 10:00:29,911 [INFO] [Epoch 1/5] Train Loss: 1.8438 | Train F1: 0.5625 | Val Loss: 2.1124 | Val F1: 0.0000
2026-02-07 10:01:14,992 [INFO] [Epoch 2/5] Train Loss: 1.6937 | Train F1: 0.1667 | Val Loss: 2.1099 | Val F1: 0.0000
2026-02-07 10:02:00,114 [INFO] [Epoch 3/5] Train Loss: 1.6381 | Train F1: 0.7321 | Val Loss: 2.1067 | Val F1: 0.0000
2026-02-07 10:02:52,313 [INFO] [Epoch 4/5] Train Loss: 1.0862 | Train F1: 1.0000 | Val Loss: 2.1026 | Val F1: 0.0000
2026-02-07 10:05:04,566 [INFO] [Epoch 5/5] Train Loss: 1.4227 | Train F1: 0.5179 | Val Loss: 2.0975 | Val F1: 0.0000
2026-02-07 10:06:09,819 [INFO] Final Validation Classification Report:
              precision    recall  f1-score   support

       r_set       0.00      0.00      0.00       0.0
     r_spike       0.00      0.00      0.00       0.0
      r-pass       0.00      0.00      0.00       0.0
  r_winpoint       0.00      0.00      0.00       1.0
  l_winpoint       0.00      0.00      0.00       0.0
      l-pass       0.00      0.00      0.00       0.0
     l-spike       0.00      0.00      0.00       1.0
       l_set       0.00      0.00      0.00       0.0

   micro avg       0.00      0.00      0.00       2.0
   macro avg       0.00      0.00      0.00       2.0
weighted avg       0.00      0.00      0.00       2.0

2026-02-07 10:06:11,086 [INFO] Stage 2 Training Finished
2026-02-10 06:28:14,112 [INFO] Starting B3 Training
2026-02-10 06:28:14,112 [INFO] Device: cuda
2026-02-10 06:28:14,332 [INFO] Train class distribution: Counter({3: 2, 6: 2, 2: 2, 7: 2})
2026-02-10 06:28:14,484 [INFO] Class weights: tensor([0.0000, 0.0000, 0.5000, 0.5000, 0.0000, 0.0000, 0.5000, 0.5000],
       device='cuda:0')
2026-02-10 06:29:23,304 [INFO] Starting B3 Training
2026-02-10 06:29:23,304 [INFO] Device: cuda
2026-02-10 06:29:23,378 [INFO] Train class distribution: Counter({3: 2, 6: 2, 2: 2, 7: 2})
2026-02-10 06:29:23,470 [INFO] Class weights: tensor([0.0000, 0.0000, 0.5000, 0.5000, 0.0000, 0.0000, 0.5000, 0.5000],
       device='cuda:0')
2026-02-10 06:30:10,207 [INFO] [Epoch 1/5] Train Loss: 1.8438 | Train F1: 0.5625 | Val Loss: 2.1124 | Val F1: 0.0000
2026-02-10 06:30:55,583 [INFO] [Epoch 2/5] Train Loss: 1.6937 | Train F1: 0.1667 | Val Loss: 2.1099 | Val F1: 0.0000
2026-02-10 06:31:41,125 [INFO] [Epoch 3/5] Train Loss: 1.6381 | Train F1: 0.7321 | Val Loss: 2.1067 | Val F1: 0.0000
2026-02-10 06:32:27,221 [INFO] [Epoch 4/5] Train Loss: 1.0862 | Train F1: 1.0000 | Val Loss: 2.1026 | Val F1: 0.0000
2026-02-10 06:33:12,294 [INFO] [Epoch 5/5] Train Loss: 1.4227 | Train F1: 0.5179 | Val Loss: 2.0975 | Val F1: 0.0000
2026-02-10 06:33:35,965 [INFO] Final Validation Classification Report:
              precision    recall  f1-score   support

       r_set       0.00      0.00      0.00       0.0
     r_spike       0.00      0.00      0.00       0.0
      r-pass       0.00      0.00      0.00       0.0
  r_winpoint       0.00      0.00      0.00       1.0
  l_winpoint       0.00      0.00      0.00       0.0
      l-pass       0.00      0.00      0.00       0.0
     l-spike       0.00      0.00      0.00       1.0
       l_set       0.00      0.00      0.00       0.0

   micro avg       0.00      0.00      0.00       2.0
   macro avg       0.00      0.00      0.00       2.0
weighted avg       0.00      0.00      0.00       2.0

2026-02-10 06:33:36,471 [INFO] Stage 2 Training Finished
2026-02-10 06:36:03,847 [INFO] Starting B3 Training
2026-02-10 06:36:03,847 [INFO] Device: cuda
2026-02-10 06:36:03,917 [INFO] Train class distribution: Counter({3: 2, 6: 2, 2: 2, 7: 2})
2026-02-10 06:36:03,987 [INFO] Class weights: tensor([0.0000, 0.0000, 0.5000, 0.5000, 0.0000, 0.0000, 0.5000, 0.5000],
       device='cuda:0')
2026-02-10 06:36:49,887 [INFO] [Epoch 1/5] Train Loss: 1.8778 | Train F1: 0.3375 | Val Loss: 2.0823 | Val F1: 0.0000
2026-02-10 06:37:34,878 [INFO] [Epoch 2/5] Train Loss: 1.6780 | Train F1: 0.6250 | Val Loss: 2.0785 | Val F1: 0.0000
2026-02-10 06:38:19,791 [INFO] [Epoch 3/5] Train Loss: 1.2123 | Train F1: 1.0000 | Val Loss: 2.0739 | Val F1: 0.0000
2026-02-10 06:39:05,199 [INFO] [Epoch 4/5] Train Loss: 0.6272 | Train F1: 1.0000 | Val Loss: 2.0684 | Val F1: 0.0000
2026-02-10 06:39:52,278 [INFO] [Epoch 5/5] Train Loss: 0.6076 | Train F1: 1.0000 | Val Loss: 2.0617 | Val F1: 0.5000
2026-02-10 06:40:15,533 [INFO] Final Validation Classification Report:
              precision    recall  f1-score   support

       r_set       0.00      0.00      0.00         0
     r_spike       0.00      0.00      0.00         0
      r-pass       0.00      0.00      0.00         0
  r_winpoint       0.00      0.00      0.00         1
  l_winpoint       0.00      0.00      0.00         0
      l-pass       0.00      0.00      0.00         0
     l-spike       1.00      1.00      1.00         1
       l_set       0.00      0.00      0.00         0

   micro avg       0.50      0.50      0.50         2
   macro avg       0.12      0.12      0.12         2
weighted avg       0.50      0.50      0.50         2

2026-02-10 06:40:15,841 [INFO] Stage 2 Training Finished
